# JRE version: Java(TM) SE Runtime Environment (17.0+35) (build 17+35-LTS-2724)
# Java VM: Java HotSpot(TM) 64-Bit Server VM (17+35-LTS-2724, mixed mode, sharing, tiered, compressed oops, compressed class ptrs, g1 gc, windows-amd64)
GC Precious Log:
 CPUs: 16 total, 16 available
 Memory: 24320M
 Large Page Support: Disabled
 NUMA Support: Disabled
 Compressed Oops: Enabled (Zero based)
 Heap Region Size: 4M
 Heap Min Capacity: 8M
 Heap Initial Capacity: 384M
 Heap Max Capacity: 6084M
 Pre-touch: Disabled
 Parallel Workers: 13
 Concurrent Workers: 3
 Concurrent Refinement Workers: 13
 Periodic GC: Disabled
Heap:
 garbage-first heap   total 69632K, used 28638K [0x0000000683c00000, 0x0000000800000000)
  region size 4096K, 4 young (16384K), 1 survivors (4096K)
 Metaspace       used 34799K, committed 35200K, reserved 1081344K
  class space    used 5126K, committed 5312K, reserved 1048576K
GC Heap History (14 events):
Event: 0.522 GC heap before
{Heap before GC invocations=0 (full 0):
 garbage-first heap   total 393216K, used 20480K [0x0000000683c00000, 0x0000000800000000)
  region size 4096K, 5 young (20480K), 0 survivors (0K)
 Metaspace       used 5076K, committed 5248K, reserved 1056768K
  class space    used 513K, committed 576K, reserved 1048576K
}
Event: 0.524 GC heap after
{Heap after GC invocations=1 (full 0):
 garbage-first heap   total 393216K, used 4623K [0x0000000683c00000, 0x0000000800000000)
  region size 4096K, 1 young (4096K), 1 survivors (4096K)
 Metaspace       used 5076K, committed 5248K, reserved 1056768K
  class space    used 513K, committed 576K, reserved 1048576K
}
Event: 0.831 GC heap before
{Heap before GC invocations=1 (full 0):
 garbage-first heap   total 393216K, used 25103K [0x0000000683c00000, 0x0000000800000000)
  region size 4096K, 6 young (24576K), 1 survivors (4096K)
 Metaspace       used 10344K, committed 10688K, reserved 1064960K
  class space    used 1261K, committed 1408K, reserved 1048576K
}
Event: 0.834 GC heap after
{Heap after GC invocations=2 (full 0):
 garbage-first heap   total 393216K, used 6408K [0x0000000683c00000, 0x0000000800000000)
  region size 4096K, 1 young (4096K), 1 survivors (4096K)
 Metaspace       used 10344K, committed 10688K, reserved 1064960K
  class space    used 1261K, committed 1408K, reserved 1048576K
}
Event: 1.558 GC heap before
{Heap before GC invocations=2 (full 0):
 garbage-first heap   total 393216K, used 51464K [0x0000000683c00000, 0x0000000800000000)
  region size 4096K, 13 young (53248K), 1 survivors (4096K)
 Metaspace       used 21143K, committed 21504K, reserved 1073152K
  class space    used 2834K, committed 3008K, reserved 1048576K
}
Event: 1.562 GC heap after
{Heap after GC invocations=3 (full 0):
 garbage-first heap   total 393216K, used 10752K [0x0000000683c00000, 0x0000000800000000)
  region size 4096K, 2 young (8192K), 2 survivors (8192K)
 Metaspace       used 21143K, committed 21504K, reserved 1073152K
  class space    used 2834K, committed 3008K, reserved 1048576K
}
Event: 4.269 GC heap before
{Heap before GC invocations=4 (full 0):
 garbage-first heap   total 69632K, used 43520K [0x0000000683c00000, 0x0000000800000000)
  region size 4096K, 10 young (40960K), 2 survivors (8192K)
 Metaspace       used 28220K, committed 28608K, reserved 1081344K
  class space    used 4300K, committed 4480K, reserved 1048576K
}
Event: 4.274 GC heap after
{Heap after GC invocations=5 (full 0):
 garbage-first heap   total 69632K, used 14364K [0x0000000683c00000, 0x0000000800000000)
  region size 4096K, 1 young (4096K), 1 survivors (4096K)
 Metaspace       used 28220K, committed 28608K, reserved 1081344K
  class space    used 4300K, committed 4480K, reserved 1048576K
}
Event: 4.338 GC heap before
{Heap before GC invocations=5 (full 0):
 garbage-first heap   total 69632K, used 18460K [0x0000000683c00000, 0x0000000800000000)
  region size 4096K, 2 young (8192K), 1 survivors (4096K)
 Metaspace       used 28987K, committed 29440K, reserved 1081344K
  class space    used 4466K, committed 4672K, reserved 1048576K
}
Event: 4.340 GC heap after
{Heap after GC invocations=6 (full 0):
 garbage-first heap   total 69632K, used 15251K [0x0000000683c00000, 0x0000000800000000)
  region size 4096K, 1 young (4096K), 1 survivors (4096K)
 Metaspace       used 28987K, committed 29440K, reserved 1081344K
  class space    used 4466K, committed 4672K, reserved 1048576K
}
Event: 5.215 GC heap before
{Heap before GC invocations=6 (full 0):
 garbage-first heap   total 69632K, used 39827K [0x0000000683c00000, 0x0000000800000000)
  region size 4096K, 7 young (28672K), 1 survivors (4096K)
 Metaspace       used 32594K, committed 32960K, reserved 1081344K
  class space    used 4964K, committed 5120K, reserved 1048576K
}
Event: 5.219 GC heap after
{Heap after GC invocations=7 (full 0):
 garbage-first heap   total 69632K, used 19518K [0x0000000683c00000, 0x0000000800000000)
  region size 4096K, 1 young (4096K), 1 survivors (4096K)
 Metaspace       used 32594K, committed 32960K, reserved 1081344K
  class space    used 4964K, committed 5120K, reserved 1048576K
}
Event: 273.110 GC heap before
{Heap before GC invocations=7 (full 0):
 garbage-first heap   total 69632K, used 44094K [0x0000000683c00000, 0x0000000800000000)
  region size 4096K, 7 young (28672K), 1 survivors (4096K)
 Metaspace       used 34765K, committed 35200K, reserved 1081344K
  class space    used 5125K, committed 5312K, reserved 1048576K
}
Event: 273.113 GC heap after
{Heap after GC invocations=8 (full 0):
 garbage-first heap   total 69632K, used 20446K [0x0000000683c00000, 0x0000000800000000)
  region size 4096K, 1 young (4096K), 1 survivors (4096K)
 Metaspace       used 34765K, committed 35200K, reserved 1081344K
  class space    used 5125K, committed 5312K, reserved 1048576K
}

